<?xml version="1.0" encoding="UTF-8"?>
<!-- Generated by org.testng.reporters.JUnitXMLReporter -->
<testsuite hostname="DESKTOP-FVI54IO" name="Test" tests="3" failures="0" timestamp="29 Apr 2020 10:13:13 GMT" time="0.141" errors="0">
  <testcase name="@BeforeTest Intilialize" time="0.0" classname="com.facebook.tests.FacebookLoginTest">
    <failure type="java.lang.NoSuchMethodError" message="org.openqa.selenium.chrome.ChromeOptions.setExperimentalOption(Ljava/lang/String;Ljava/lang/Object;)Lorg/openqa/selenium/chrome/ChromeOptions;">
      <![CDATA[java.lang.NoSuchMethodError: org.openqa.selenium.chrome.ChromeOptions.setExperimentalOption(Ljava/lang/String;Ljava/lang/Object;)Lorg/openqa/selenium/chrome/ChromeOptions;
	at com.Testbase.Testbase.Initialization(Testbase.java:59)
	at com.facebook.tests.FacebookLoginTest.Intilialize(FacebookLoginTest.java:24)
... Removed 22 stack frames]]>
    </failure>
  </testcase> <!-- @BeforeTest Intilialize -->
  <testcase name="@AfterMethod killDriver" time="0.0" classname="com.facebook.tests.FacebookLoginTest">
    <skipped/>
  </testcase> <!-- @AfterMethod killDriver -->
  <testcase name="@BeforeMethod intialize" time="0.0" classname="com.facebook.tests.FacebookPostACommentTest">
    <skipped/>
  </testcase> <!-- @BeforeMethod intialize -->
  <testcase name="@AfterMethod killDriver" time="0.0" classname="com.facebook.tests.FacebookPostACommentTest">
    <skipped/>
  </testcase> <!-- @AfterMethod killDriver -->
  <testcase name="@BeforeMethod intialize" time="0.0" classname="com.facebook.tests.FacebookPostACommentTest">
    <skipped/>
  </testcase> <!-- @BeforeMethod intialize -->
  <testcase name="@AfterMethod killDriver" time="0.0" classname="com.facebook.tests.FacebookPostACommentTest">
    <skipped/>
  </testcase> <!-- @AfterMethod killDriver -->
  <testcase name="loginToFacebook" time="0.0" classname="com.facebook.tests.FacebookLoginTest">
    <skipped/>
  </testcase> <!-- loginToFacebook -->
  <testcase name="verifyLoggedUser" time="0.0" classname="com.facebook.tests.FacebookPostACommentTest">
    <skipped/>
  </testcase> <!-- verifyLoggedUser -->
  <testcase name="postComment" time="0.0" classname="com.facebook.tests.FacebookPostACommentTest">
    <skipped/>
  </testcase> <!-- postComment -->
</testsuite> <!-- Test -->
